<?xml version="1.0" encoding="UTF-8"?>
<!-- Generated by org.testng.reporters.JUnitXMLReporter -->
<testsuite ignored="0" hostname="LAPTOP-AQSE9906" failures="0" tests="5" name="Default test" time="47.656" errors="0" timestamp="2023-06-28T18:38:48 IST">
  <testcase classname="testAidetic.AideticTestClass" name="verifywithGoogle" time="7.017"/>
  <testcase classname="testAidetic.AideticTestClass" name="verifyWithFacebook" time="5.477"/>
  <testcase classname="testAidetic.AideticTestClass" name="verifyWithApple" time="5.168"/>
  <testcase classname="testAidetic.AideticTestClass" name="verifyWithMicrosoft" time="5.305"/>
  <testcase classname="testAidetic.AideticTestClass" name="verifyWithSignUp" time="5.349"/>
</testsuite> <!-- Default test -->
